This is pdfTeX, Version 3.141592653-2.6-1.40.26 (TeX Live 2024) (preloaded format=pdflatex 2024.4.20)  29 APR 2024 22:18
entering extended mode
 \write18 enabled.
 file:line:error style messages enabled.
 %&-line parsing enabled.
**c:/Users/Damien/Latex_Notes/EE4218/L3/main
(c:/Users/Damien/Latex_Notes/EE4218/L3/main.tex
LaTeX2e <2023-11-01> patch level 1
L3 programming layer <2024-03-14>
(c:/texlive/2024/texmf-dist/tex/latex/base/article.cls
Document Class: article 2023/05/17 v1.4n Standard LaTeX document class
(c:/texlive/2024/texmf-dist/tex/latex/base/size10.clo
File: size10.clo 2023/05/17 v1.4n Standard LaTeX file (size option)
)
\c@part=\count188
\c@section=\count189
\c@subsection=\count190
\c@subsubsection=\count191
\c@paragraph=\count192
\c@subparagraph=\count193
\c@figure=\count194
\c@table=\count195
\abovecaptionskip=\skip48
\belowcaptionskip=\skip49
\bibindent=\dimen140
) (c:/texlive/2024/texmf-dist/tex/latex/base/inputenc.sty
Package: inputenc 2021/02/14 v1.3d Input encoding file
\inpenc@prehook=\toks17
\inpenc@posthook=\toks18
) (c:/texlive/2024/texmf-dist/tex/latex/graphics/graphicx.sty
Package: graphicx 2021/09/16 v1.2d Enhanced LaTeX Graphics (DPC,SPQR)
 (c:/texlive/2024/texmf-dist/tex/latex/graphics/keyval.sty
Package: keyval 2022/05/29 v1.15 key=value parser (DPC)
\KV@toks@=\toks19
) (c:/texlive/2024/texmf-dist/tex/latex/graphics/graphics.sty
Package: graphics 2022/03/10 v1.4e Standard LaTeX Graphics (DPC,SPQR)
 (c:/texlive/2024/texmf-dist/tex/latex/graphics/trig.sty
Package: trig 2021/08/11 v1.11 sin cos tan (DPC)
) (c:/texlive/2024/texmf-dist/tex/latex/graphics-cfg/graphics.cfg
File: graphics.cfg 2016/06/04 v1.11 sample graphics configuration
)
Package graphics Info: Driver file: pdftex.def on input line 107.
 (c:/texlive/2024/texmf-dist/tex/latex/graphics-def/pdftex.def
File: pdftex.def 2024/04/13 v1.2c Graphics/color driver for pdftex
))
\Gin@req@height=\dimen141
\Gin@req@width=\dimen142
) (c:/texlive/2024/texmf-dist/tex/latex/mathtools/mathtools.sty
Package: mathtools 2024/03/11 v1.30 mathematical typesetting tools
 (c:/texlive/2024/texmf-dist/tex/latex/tools/calc.sty
Package: calc 2023/07/08 v4.3 Infix arithmetic (KKT,FJ)
\calc@Acount=\count196
\calc@Bcount=\count197
\calc@Adimen=\dimen143
\calc@Bdimen=\dimen144
\calc@Askip=\skip50
\calc@Bskip=\skip51
LaTeX Info: Redefining \setlength on input line 80.
LaTeX Info: Redefining \addtolength on input line 81.
\calc@Ccount=\count198
\calc@Cskip=\skip52
) (c:/texlive/2024/texmf-dist/tex/latex/mathtools/mhsetup.sty
Package: mhsetup 2021/03/18 v1.4 programming setup (MH)
) (c:/texlive/2024/texmf-dist/tex/latex/amsmath/amsmath.sty
Package: amsmath 2023/05/13 v2.17o AMS math features
\@mathmargin=\skip53

For additional information on amsmath, use the `?' option.
(c:/texlive/2024/texmf-dist/tex/latex/amsmath/amstext.sty
Package: amstext 2021/08/26 v2.01 AMS text
 (c:/texlive/2024/texmf-dist/tex/latex/amsmath/amsgen.sty
File: amsgen.sty 1999/11/30 v2.0 generic functions
\@emptytoks=\toks20
\ex@=\dimen145
)) (c:/texlive/2024/texmf-dist/tex/latex/amsmath/amsbsy.sty
Package: amsbsy 1999/11/29 v1.2d Bold Symbols
\pmbraise@=\dimen146
) (c:/texlive/2024/texmf-dist/tex/latex/amsmath/amsopn.sty
Package: amsopn 2022/04/08 v2.04 operator names
)
\inf@bad=\count199
LaTeX Info: Redefining \frac on input line 234.
\uproot@=\count266
\leftroot@=\count267
LaTeX Info: Redefining \overline on input line 399.
LaTeX Info: Redefining \colon on input line 410.
\classnum@=\count268
\DOTSCASE@=\count269
LaTeX Info: Redefining \ldots on input line 496.
LaTeX Info: Redefining \dots on input line 499.
LaTeX Info: Redefining \cdots on input line 620.
\Mathstrutbox@=\box51
\strutbox@=\box52
LaTeX Info: Redefining \big on input line 722.
LaTeX Info: Redefining \Big on input line 723.
LaTeX Info: Redefining \bigg on input line 724.
LaTeX Info: Redefining \Bigg on input line 725.
\big@size=\dimen147
LaTeX Font Info:    Redeclaring font encoding OML on input line 743.
LaTeX Font Info:    Redeclaring font encoding OMS on input line 744.
\macc@depth=\count270
LaTeX Info: Redefining \bmod on input line 905.
LaTeX Info: Redefining \pmod on input line 910.
LaTeX Info: Redefining \smash on input line 940.
LaTeX Info: Redefining \relbar on input line 970.
LaTeX Info: Redefining \Relbar on input line 971.
\c@MaxMatrixCols=\count271
\dotsspace@=\muskip16
\c@parentequation=\count272
\dspbrk@lvl=\count273
\tag@help=\toks21
\row@=\count274
\column@=\count275
\maxfields@=\count276
\andhelp@=\toks22
\eqnshift@=\dimen148
\alignsep@=\dimen149
\tagshift@=\dimen150
\tagwidth@=\dimen151
\totwidth@=\dimen152
\lineht@=\dimen153
\@envbody=\toks23
\multlinegap=\skip54
\multlinetaggap=\skip55
\mathdisplay@stack=\toks24
LaTeX Info: Redefining \[ on input line 2953.
LaTeX Info: Redefining \] on input line 2954.
)
\g_MT_multlinerow_int=\count277
\l_MT_multwidth_dim=\dimen154
\origjot=\skip56
\l_MT_shortvdotswithinadjustabove_dim=\dimen155
\l_MT_shortvdotswithinadjustbelow_dim=\dimen156
\l_MT_above_intertext_sep=\dimen157
\l_MT_below_intertext_sep=\dimen158
\l_MT_above_shortintertext_sep=\dimen159
\l_MT_below_shortintertext_sep=\dimen160
\xmathstrut@box=\box53
\xmathstrut@dim=\dimen161
) (c:/texlive/2024/texmf-dist/tex/latex/base/textcomp.sty
Package: textcomp 2020/02/02 v2.0n Standard LaTeX package
) (c:/texlive/2024/texmf-dist/tex/latex/titling/titling.sty
Package: titling 2009/09/04 v2.1d maketitle typesetting
\thanksmarkwidth=\skip57
\thanksmargin=\skip58
\droptitle=\skip59
) (c:/texlive/2024/texmf-dist/tex/latex/subfig/subfig.sty
Package: subfig 2005/06/28 ver: 1.3 subfig package
 (c:/texlive/2024/texmf-dist/tex/latex/caption/caption.sty
Package: caption 2023/08/05 v3.6o Customizing captions (AR)
 (c:/texlive/2024/texmf-dist/tex/latex/caption/caption3.sty
Package: caption3 2023/07/31 v2.4d caption3 kernel (AR)
\caption@tempdima=\dimen162
\captionmargin=\dimen163
\caption@leftmargin=\dimen164
\caption@rightmargin=\dimen165
\caption@width=\dimen166
\caption@indent=\dimen167
\caption@parindent=\dimen168
\caption@hangindent=\dimen169
Package caption Info: Standard document class detected.
)
\c@caption@flags=\count278
\c@continuedfloat=\count279
)
\c@KVtest=\count280
\sf@farskip=\skip60
\sf@captopadj=\dimen170
\sf@capskip=\skip61
\sf@nearskip=\skip62
\c@subfigure=\count281
\c@subfigure@save=\count282
\c@lofdepth=\count283
\c@subtable=\count284
\c@subtable@save=\count285
\c@lotdepth=\count286
\sf@top=\skip63
\sf@bottom=\skip64
) (c:/texlive/2024/texmf-dist/tex/latex/parskip/parskip.sty
Package: parskip 2021-03-14 v2.0h non-zero parskip adjustments
 (c:/texlive/2024/texmf-dist/tex/latex/kvoptions/kvoptions.sty
Package: kvoptions 2022-06-15 v3.15 Key value format for package options (HO)
 (c:/texlive/2024/texmf-dist/tex/generic/ltxcmds/ltxcmds.sty
Package: ltxcmds 2023-12-04 v1.26 LaTeX kernel commands for general use (HO)
) (c:/texlive/2024/texmf-dist/tex/latex/kvsetkeys/kvsetkeys.sty
Package: kvsetkeys 2022-10-05 v1.19 Key value parser (HO)
)) (c:/texlive/2024/texmf-dist/tex/latex/etoolbox/etoolbox.sty
Package: etoolbox 2020/10/05 v2.5k e-TeX tools for LaTeX (JAW)
\etb@tempcnta=\count287
)) (c:/texlive/2024/texmf-dist/tex/latex/xcolor/xcolor.sty
Package: xcolor 2023/11/15 v3.01 LaTeX color extensions (UK)
 (c:/texlive/2024/texmf-dist/tex/latex/graphics-cfg/color.cfg
File: color.cfg 2016/01/02 v1.6 sample color configuration
)
Package xcolor Info: Driver file: pdftex.def on input line 274.
 (c:/texlive/2024/texmf-dist/tex/latex/graphics/mathcolor.ltx)
Package xcolor Info: Model `cmy' substituted by `cmy0' on input line 1350.
Package xcolor Info: Model `hsb' substituted by `rgb' on input line 1354.
Package xcolor Info: Model `RGB' extended on input line 1366.
Package xcolor Info: Model `HTML' substituted by `rgb' on input line 1368.
Package xcolor Info: Model `Hsb' substituted by `hsb' on input line 1369.
Package xcolor Info: Model `tHsb' substituted by `hsb' on input line 1370.
Package xcolor Info: Model `HSB' substituted by `hsb' on input line 1371.
Package xcolor Info: Model `Gray' substituted by `gray' on input line 1372.
Package xcolor Info: Model `wave' substituted by `hsb' on input line 1373.
) (c:/texlive/2024/texmf-dist/tex/latex/titlesec/titlesec.sty
Package: titlesec 2023/10/27 v2.16 Sectioning titles
\ttl@box=\box54
\beforetitleunit=\skip65
\aftertitleunit=\skip66
\ttl@plus=\dimen171
\ttl@minus=\dimen172
\ttl@toksa=\toks25
\titlewidth=\dimen173
\titlewidthlast=\dimen174
\titlewidthfirst=\dimen175
) (c:/texlive/2024/texmf-dist/tex/latex/geometry/geometry.sty
Package: geometry 2020/01/02 v5.9 Page Geometry
 (c:/texlive/2024/texmf-dist/tex/generic/iftex/ifvtex.sty
Package: ifvtex 2019/10/25 v1.7 ifvtex legacy package. Use iftex instead.
 (c:/texlive/2024/texmf-dist/tex/generic/iftex/iftex.sty
Package: iftex 2022/02/03 v1.0f TeX engine tests
))
\Gm@cnth=\count288
\Gm@cntv=\count289
\c@Gm@tempcnt=\count290
\Gm@bindingoffset=\dimen176
\Gm@wd@mp=\dimen177
\Gm@odd@mp=\dimen178
\Gm@even@mp=\dimen179
\Gm@layoutwidth=\dimen180
\Gm@layoutheight=\dimen181
\Gm@layouthoffset=\dimen182
\Gm@layoutvoffset=\dimen183
\Gm@dimlist=\toks26
) (c:/texlive/2024/texmf-dist/tex/latex/l3backend/l3backend-pdftex.def
File: l3backend-pdftex.def 2024-03-14 L3 backend support: PDF output (pdfTeX)
\l__color_backend_stack_int=\count291
\l__pdf_internal_box=\box55
) (./main.aux)
\openout1 = `main.aux'.

LaTeX Font Info:    Checking defaults for OML/cmm/m/it on input line 19.
LaTeX Font Info:    ... okay on input line 19.
LaTeX Font Info:    Checking defaults for OMS/cmsy/m/n on input line 19.
LaTeX Font Info:    ... okay on input line 19.
LaTeX Font Info:    Checking defaults for OT1/cmr/m/n on input line 19.
LaTeX Font Info:    ... okay on input line 19.
LaTeX Font Info:    Checking defaults for T1/cmr/m/n on input line 19.
LaTeX Font Info:    ... okay on input line 19.
LaTeX Font Info:    Checking defaults for TS1/cmr/m/n on input line 19.
LaTeX Font Info:    ... okay on input line 19.
LaTeX Font Info:    Checking defaults for OMX/cmex/m/n on input line 19.
LaTeX Font Info:    ... okay on input line 19.
LaTeX Font Info:    Checking defaults for U/cmr/m/n on input line 19.
LaTeX Font Info:    ... okay on input line 19.
 (c:/texlive/2024/texmf-dist/tex/context/base/mkii/supp-pdf.mkii
[Loading MPS to PDF converter (version 2006.09.02).]
\scratchcounter=\count292
\scratchdimen=\dimen184
\scratchbox=\box56
\nofMPsegments=\count293
\nofMParguments=\count294
\everyMPshowfont=\toks27
\MPscratchCnt=\count295
\MPscratchDim=\dimen185
\MPnumerator=\count296
\makeMPintoPDFobject=\count297
\everyMPtoPDFconversion=\toks28
) (c:/texlive/2024/texmf-dist/tex/latex/epstopdf-pkg/epstopdf-base.sty
Package: epstopdf-base 2020-01-24 v2.11 Base part for package epstopdf
Package epstopdf-base Info: Redefining graphics rule for `.eps' on input line 485.
 (c:/texlive/2024/texmf-dist/tex/latex/latexconfig/epstopdf-sys.cfg
File: epstopdf-sys.cfg 2010/07/13 v1.3 Configuration of (r)epstopdf for TeX Live
))
Package caption Info: Begin \AtBeginDocument code.
Package caption Info: subfig package v1.3 is loaded.
Package caption Info: End \AtBeginDocument code.

*geometry* driver: auto-detecting
*geometry* detected driver: pdftex
*geometry* verbose mode - [ preamble ] result:
* driver: pdftex
* paper: a4paper
* layout: <same size as paper>
* layoutoffset:(h,v)=(0.0pt,0.0pt)
* modes: 
* h-part:(L,W,R)=(28.45274pt, 540.60239pt, 28.45274pt)
* v-part:(T,H,B)=(28.45274pt, 773.91498pt, 42.67912pt)
* \paperwidth=597.50787pt
* \paperheight=845.04684pt
* \textwidth=540.60239pt
* \textheight=773.91498pt
* \oddsidemargin=-43.81725pt
* \evensidemargin=-43.81725pt
* \topmargin=-80.81725pt
* \headheight=12.0pt
* \headsep=25.0pt
* \topskip=10.0pt
* \footskip=30.0pt
* \marginparwidth=65.0pt
* \marginparsep=11.0pt
* \columnsep=10.0pt
* \skip\footins=9.0pt plus 4.0pt minus 2.0pt
* \hoffset=0.0pt
* \voffset=0.0pt
* \mag=1000
* \@twocolumnfalse
* \@twosidefalse
* \@mparswitchfalse
* \@reversemarginfalse
* (1in=72.27pt=25.4mm, 1cm=28.453pt)


LaTeX Warning: No \author given.

<S1/stateBasedModelling.PNG, id=1, 282.45525pt x 295.70474pt>
File: S1/stateBasedModelling.PNG Graphic file (type png)
<use S1/stateBasedModelling.PNG>
Package pdftex.def Info: S1/stateBasedModelling.PNG  used on input line 54.
(pdftex.def)             Requested size: 282.45454pt x 295.70401pt.
<S1/structuralBasedModelling.PNG, id=3, 593.8185pt x 274.02374pt>
File: S1/structuralBasedModelling.PNG Graphic file (type png)
<use S1/structuralBasedModelling.PNG>
Package pdftex.def Info: S1/structuralBasedModelling.PNG  used on input line 72.
(pdftex.def)             Requested size: 593.81705pt x 274.02307pt.
[1

{c:/texlive/2024/texmf-var/fonts/map/pdftex/updmap/pdftex.map}{c:/texlive/2024/texmf-dist/fonts/enc/dvips/cm-super/cm-super-ts1.enc} <./S1/stateBasedModelling.PNG> <./S1/structuralBasedModelling.PNG>]
<S2/bistableElement.PNG, id=19, 245.11575pt x 224.63925pt>
File: S2/bistableElement.PNG Graphic file (type png)
<use S2/bistableElement.PNG>
Package pdftex.def Info: S2/bistableElement.PNG  used on input line 91.
(pdftex.def)             Requested size: 245.11514pt x 224.63869pt.
<S2/stateEncoding1.PNG, id=20, 523.9575pt x 308.352pt>
File: S2/stateEncoding1.PNG Graphic file (type png)
<use S2/stateEncoding1.PNG>
Package pdftex.def Info: S2/stateEncoding1.PNG  used on input line 123.
(pdftex.def)             Requested size: 256.0748pt x 150.70328pt.
<S2/stateEncoding2.PNG, id=21, 522.753pt x 325.81725pt>
File: S2/stateEncoding2.PNG Graphic file (type png)
<use S2/stateEncoding2.PNG>
Package pdftex.def Info: S2/stateEncoding2.PNG  used on input line 125.
(pdftex.def)             Requested size: 256.0748pt x 159.60213pt.
 [2 <./S2/bistableElement.PNG> <./S2/stateEncoding1.PNG> <./S2/stateEncoding2.PNG>]
<S2/dontCares.PNG, id=29, 389.65575pt x 172.2435pt>
File: S2/dontCares.PNG Graphic file (type png)
<use S2/dontCares.PNG>
Package pdftex.def Info: S2/dontCares.PNG  used on input line 154.
(pdftex.def)             Requested size: 389.65479pt x 172.24307pt.
 [3 <./S2/dontCares.PNG>]
<S2/stateMinimization_CS.PNG, id=36, 940.11224pt x 393.8715pt>
File: S2/stateMinimization_CS.PNG Graphic file (type png)
<use S2/stateMinimization_CS.PNG>
Package pdftex.def Info: S2/stateMinimization_CS.PNG  used on input line 231.
(pdftex.def)             Requested size: 940.10995pt x 393.87053pt.
 [4 <./S2/stateMinimization_CS.PNG>]
<S2/dontCareOutputInput.PNG, id=43, 526.3665pt x 119.84775pt>
File: S2/dontCareOutputInput.PNG Graphic file (type png)
<use S2/dontCareOutputInput.PNG>
Package pdftex.def Info: S2/dontCareOutputInput.PNG  used on input line 286.
(pdftex.def)             Requested size: 526.36522pt x 119.84744pt.
<S2/stateMinimization_IS.PNG, id=44, 301.125pt x 292.09125pt>
File: S2/stateMinimization_IS.PNG Graphic file (type png)
<use S2/stateMinimization_IS.PNG>
Package pdftex.def Info: S2/stateMinimization_IS.PNG  used on input line 312.
(pdftex.def)             Requested size: 301.12425pt x 292.09052pt.
 [5 <./S2/dontCareOutputInput.PNG> <./S2/stateMinimization_IS.PNG>]
Underfull \hbox (badness 10000) in paragraph at lines 338--341

 []


Underfull \hbox (badness 10000) in paragraph at lines 353--355

 []

[6]
Underfull \hbox (badness 10000) in paragraph at lines 411--414

 []

<S2/sequentialEncoding.PNG, id=55, 566.115pt x 306.54526pt>
File: S2/sequentialEncoding.PNG Graphic file (type png)
<use S2/sequentialEncoding.PNG>
Package pdftex.def Info: S2/sequentialEncoding.PNG  used on input line 422.
(pdftex.def)             Requested size: 256.0748pt x 138.66441pt.
<S2/threeAnd.PNG, id=56, 301.125pt x 113.223pt>
File: S2/threeAnd.PNG Graphic file (type png)
<use S2/threeAnd.PNG>
Package pdftex.def Info: S2/threeAnd.PNG  used on input line 424.
(pdftex.def)             Requested size: 256.0748pt x 96.29355pt.
<S2/oneHotEncoding.PNG, id=57, 210.7875pt x 398.6895pt>
File: S2/oneHotEncoding.PNG Graphic file (type png)
<use S2/oneHotEncoding.PNG>
Package pdftex.def Info: S2/oneHotEncoding.PNG  used on input line 430.
(pdftex.def)             Requested size: 210.78699pt x 398.68852pt.
[7 <./S2/sequentialEncoding.PNG> <./S2/threeAnd.PNG> <./S2/oneHotEncoding.PNG>]
<S2/adjacentCodeTruthTable.PNG, id=67, 241.50224pt x 384.2355pt>
File: S2/adjacentCodeTruthTable.PNG Graphic file (type png)
<use S2/adjacentCodeTruthTable.PNG>
Package pdftex.def Info: S2/adjacentCodeTruthTable.PNG  used on input line 450.
(pdftex.def)             Requested size: 113.81102pt x 181.07147pt.
<S2/adjacentCodeKMap.PNG, id=68, 246.32025pt x 151.767pt>
File: S2/adjacentCodeKMap.PNG Graphic file (type png)
<use S2/adjacentCodeKMap.PNG>
Package pdftex.def Info: S2/adjacentCodeKMap.PNG  used on input line 452.
(pdftex.def)             Requested size: 256.0748pt x 157.78067pt.
 [8 <./S2/adjacentCodeTruthTable.PNG> <./S2/adjacentCodeKMap.PNG>]
<S2/syncNetworkGraph.PNG, id=74, 1005.15524pt x 463.13025pt>
File: S2/syncNetworkGraph.PNG Graphic file (type png)
<use S2/syncNetworkGraph.PNG>
Package pdftex.def Info: S2/syncNetworkGraph.PNG  used on input line 510.
(pdftex.def)             Requested size: 1005.15279pt x 463.12912pt.
<S2/recall_retiming0.PNG, id=75, 575.14874pt x 175.25475pt>
File: S2/recall_retiming0.PNG Graphic file (type png)
<use S2/recall_retiming0.PNG>
Package pdftex.def Info: S2/recall_retiming0.PNG  used on input line 519.
(pdftex.def)             Requested size: 256.0748pt x 78.02956pt.
<S2/recall_retiming1.PNG, id=76, 469.755pt x 138.5175pt>
File: S2/recall_retiming1.PNG Graphic file (type png)
<use S2/recall_retiming1.PNG>
Package pdftex.def Info: S2/recall_retiming1.PNG  used on input line 521.
(pdftex.def)             Requested size: 256.0748pt x 75.5085pt.
 [9 <./S2/syncNetworkGraph.PNG> <./S2/recall_retiming0.PNG> <./S2/recall_retiming1.PNG>]
<S2/SNG_retiming0.PNG, id=83, 823.27576pt x 383.031pt>
File: S2/SNG_retiming0.PNG Graphic file (type png)
<use S2/SNG_retiming0.PNG>
Package pdftex.def Info: S2/SNG_retiming0.PNG  used on input line 534.
(pdftex.def)             Requested size: 256.0748pt x 119.14165pt.
<S2/SNG_retiming1.PNG, id=84, 694.9965pt x 367.3725pt>
File: S2/SNG_retiming1.PNG Graphic file (type png)
<use S2/SNG_retiming1.PNG>
Package pdftex.def Info: S2/SNG_retiming1.PNG  used on input line 536.
(pdftex.def)             Requested size: 256.0748pt x 135.36511pt.
<S2/combFeedLoop.PNG, id=85, 296.90926pt x 222.23026pt>
File: S2/combFeedLoop.PNG Graphic file (type png)
<use S2/combFeedLoop.PNG>
Package pdftex.def Info: S2/combFeedLoop.PNG  used on input line 560.
(pdftex.def)             Requested size: 113.81102pt x 85.1842pt.
<S2/combFeedLoop_Broken.PNG, id=86, 289.08pt x 216.20775pt>
File: S2/combFeedLoop_Broken.PNG Graphic file (type png)
<use S2/combFeedLoop_Broken.PNG>
Package pdftex.def Info: S2/combFeedLoop_Broken.PNG  used on input line 562.
(pdftex.def)             Requested size: 113.81102pt x 85.11905pt.
<S2/fanout1.PNG, id=87, 290.88675pt x 187.902pt>
File: S2/fanout1.PNG Graphic file (type png)
<use S2/fanout1.PNG>
Package pdftex.def Info: S2/fanout1.PNG  used on input line 569.
(pdftex.def)             Requested size: 142.26378pt x 91.89789pt.
<S2/fanout2.PNG, id=88, 366.168pt x 180.07275pt>
File: S2/fanout2.PNG Graphic file (type png)
<use S2/fanout2.PNG>
Package pdftex.def Info: S2/fanout2.PNG  used on input line 571.
(pdftex.def)             Requested size: 142.26378pt x 69.96156pt.
<S2/retiming_eg1_1.PNG, id=89, 677.53125pt x 331.83975pt>
File: S2/retiming_eg1_1.PNG Graphic file (type png)
<use S2/retiming_eg1_1.PNG>
Package pdftex.def Info: S2/retiming_eg1_1.PNG  used on input line 581.
(pdftex.def)             Requested size: 227.62204pt x 111.48221pt.
<S2/retiming_eg1_2.PNG, id=90, 674.52pt x 343.88475pt>
File: S2/retiming_eg1_2.PNG Graphic file (type png)
<use S2/retiming_eg1_2.PNG>
Package pdftex.def Info: S2/retiming_eg1_2.PNG  used on input line 583.
(pdftex.def)             Requested size: 227.62204pt x 116.04297pt.

Underfull \hbox (badness 10000) in paragraph at lines 577--586

 []

[10 <./S2/SNG_retiming0.PNG> <./S2/SNG_retiming1.PNG> <./S2/combFeedLoop.PNG> <./S2/combFeedLoop_Broken.PNG> <./S2/fanout1.PNG> <./S2/fanout2.PNG>]
Underfull \hbox (badness 10000) in paragraph at lines 590--592

 []

<S2/relaxationRetime1.PNG, id=100, 769.07326pt x 215.6055pt>
File: S2/relaxationRetime1.PNG Graphic file (type png)
<use S2/relaxationRetime1.PNG>
Package pdftex.def Info: S2/relaxationRetime1.PNG  used on input line 623.
(pdftex.def)             Requested size: 769.07138pt x 215.60497pt.
[11 <./S2/retiming_eg1_1.PNG> <./S2/retiming_eg1_2.PNG> <./S2/relaxationRetime1.PNG>]
<S2/relaxationRetime2.PNG, id=107, 763.653pt x 229.45724pt>
File: S2/relaxationRetime2.PNG Graphic file (type png)
<use S2/relaxationRetime2.PNG>
Package pdftex.def Info: S2/relaxationRetime2.PNG  used on input line 630.
(pdftex.def)             Requested size: 763.65114pt x 229.45667pt.
<S2/relaxationRetime3.PNG, id=108, 773.89125pt x 230.0595pt>
File: S2/relaxationRetime3.PNG Graphic file (type png)
<use S2/relaxationRetime3.PNG>
Package pdftex.def Info: S2/relaxationRetime3.PNG  used on input line 636.
(pdftex.def)             Requested size: 773.88936pt x 230.05893pt.
<S2/retime_minArea.PNG, id=109, 430.60875pt x 360.1455pt>
File: S2/retime_minArea.PNG Graphic file (type png)
<use S2/retime_minArea.PNG>
Package pdftex.def Info: S2/retime_minArea.PNG  used on input line 646.
(pdftex.def)             Requested size: 430.60768pt x 360.1446pt.
 [12 <./S2/relaxationRetime2.PNG> <./S2/relaxationRetime3.PNG> <./S2/retime_minArea.PNG>] (./main.aux)
 ***********
LaTeX2e <2023-11-01> patch level 1
L3 programming layer <2024-03-14>
 ***********
 ) 
Here is how much of TeX's memory you used:
 6580 strings out of 474103
 109386 string characters out of 5747481
 1943496 words of memory out of 5000000
 28891 multiletter control sequences out of 15000+600000
 565111 words of font info for 60 fonts, out of 8000000 for 9000
 1141 hyphenation exceptions out of 8191
 70i,12n,79p,1227b,494s stack positions out of 10000i,1000n,20000p,200000b,200000s
<c:/texlive/2024/texmf-dist/fonts/type1/public/amsfonts/cm/cmbx10.pfb><c:/texlive/2024/texmf-dist/fonts/type1/public/amsfonts/cm/cmbx12.pfb><c:/texlive/2024/texmf-dist/fonts/type1/public/amsfonts/cm/cmbxti10.pfb><c:/texlive/2024/texmf-dist/fonts/type1/public/amsfonts/cm/cmex10.pfb><c:/texlive/2024/texmf-dist/fonts/type1/public/amsfonts/cm/cmmi10.pfb><c:/texlive/2024/texmf-dist/fonts/type1/public/amsfonts/cm/cmmi5.pfb><c:/texlive/2024/texmf-dist/fonts/type1/public/amsfonts/cm/cmmi7.pfb><c:/texlive/2024/texmf-dist/fonts/type1/public/amsfonts/cm/cmmi8.pfb><c:/texlive/2024/texmf-dist/fonts/type1/public/amsfonts/cm/cmr10.pfb><c:/texlive/2024/texmf-dist/fonts/type1/public/amsfonts/cm/cmr17.pfb><c:/texlive/2024/texmf-dist/fonts/type1/public/amsfonts/cm/cmr6.pfb><c:/texlive/2024/texmf-dist/fonts/type1/public/amsfonts/cm/cmr7.pfb><c:/texlive/2024/texmf-dist/fonts/type1/public/amsfonts/cm/cmr8.pfb><c:/texlive/2024/texmf-dist/fonts/type1/public/amsfonts/cm/cmsy10.pfb><c:/texlive/2024/texmf-dist/fonts/type1/public/amsfonts/cm/cmsy7.pfb><c:/texlive/2024/texmf-dist/fonts/type1/public/amsfonts/cm/cmti10.pfb><c:/texlive/2024/texmf-dist/fonts/type1/public/cm-super/sfrm1000.pfb>
Output written on main.pdf (12 pages, 1288999 bytes).
PDF statistics:
 188 PDF objects out of 1000 (max. 8388607)
 81 compressed objects within 1 object stream
 0 named destinations out of 1000 (max. 500000)
 146 words of extra memory for PDF output out of 10000 (max. 10000000)

